d:\cu\openmp\min_max_searching\min_max_searching\x64\release\min_max_searching.obj
c:\users\user~1.use\appdata\local\temp\lnk{314900e4-ff04-4ac4-9975-20daa1f19232}.tmp
d:\cu\openmp\min_max_searching\x64\release\min_max_searching.exe
d:\cu\openmp\min_max_searching\x64\release\min_max_searching.pdb
d:\cu\openmp\min_max_searching\min_max_searching\x64\release\min_max_.3fa65d90.tlog\icl-mcpcom.read.1.tlog
d:\cu\openmp\min_max_searching\min_max_searching\x64\release\min_max_.3fa65d90.tlog\icl-mcpcom.write.1.tlog
d:\cu\openmp\min_max_searching\min_max_searching\x64\release\min_max_.3fa65d90.tlog\icl.command.1.tlog
d:\cu\openmp\min_max_searching\min_max_searching\x64\release\min_max_.3fa65d90.tlog\icl.read.1.tlog
d:\cu\openmp\min_max_searching\min_max_searching\x64\release\min_max_.3fa65d90.tlog\icl.write.1.tlog
d:\cu\openmp\min_max_searching\min_max_searching\x64\release\min_max_.3fa65d90.tlog\xilink-link-cvtres.read.1.tlog
d:\cu\openmp\min_max_searching\min_max_searching\x64\release\min_max_.3fa65d90.tlog\xilink-link-cvtres.write.1.tlog
d:\cu\openmp\min_max_searching\min_max_searching\x64\release\min_max_.3fa65d90.tlog\xilink-link-rc.read.1.tlog
d:\cu\openmp\min_max_searching\min_max_searching\x64\release\min_max_.3fa65d90.tlog\xilink-link-rc.write.1.tlog
d:\cu\openmp\min_max_searching\min_max_searching\x64\release\min_max_.3fa65d90.tlog\xilink-link.read.1.tlog
d:\cu\openmp\min_max_searching\min_max_searching\x64\release\min_max_.3fa65d90.tlog\xilink-link.write.1.tlog
d:\cu\openmp\min_max_searching\min_max_searching\x64\release\min_max_.3fa65d90.tlog\xilink-mcpcom.read.1.tlog
d:\cu\openmp\min_max_searching\min_max_searching\x64\release\min_max_.3fa65d90.tlog\xilink-mcpcom.write.1.tlog
d:\cu\openmp\min_max_searching\min_max_searching\x64\release\min_max_.3fa65d90.tlog\xilink.command.1.tlog
d:\cu\openmp\min_max_searching\min_max_searching\x64\release\min_max_.3fa65d90.tlog\xilink.read.1.tlog
d:\cu\openmp\min_max_searching\min_max_searching\x64\release\min_max_.3fa65d90.tlog\xilink.write.1.tlog
